2017/02/17 16:25:46 INFO  - jmeter.util.JMeterUtils: Setting Locale to en_US 
2017/02/17 16:25:46 INFO  - jmeter.JMeter: Loading user properties from: /Users/wtnull/git/jmeter-maven/bin/user.properties 
2017/02/17 16:25:46 INFO  - jmeter.JMeter: Loading system properties from: /Users/wtnull/git/jmeter-maven/bin/system.properties 
2017/02/17 16:25:46 INFO  - jmeter.JMeter: Copyright (c) 1998-2016 The Apache Software Foundation 
2017/02/17 16:25:46 INFO  - jmeter.JMeter: Version 3.1 
2017/02/17 16:25:46 INFO  - jmeter.JMeter: java.version=1.8.0_65 
2017/02/17 16:25:46 INFO  - jmeter.JMeter: java.vm.name=Java HotSpot(TM) 64-Bit Server VM 
2017/02/17 16:25:46 INFO  - jmeter.JMeter: os.name=Mac OS X 
2017/02/17 16:25:46 INFO  - jmeter.JMeter: os.arch=x86_64 
2017/02/17 16:25:46 INFO  - jmeter.JMeter: os.version=10.12.3 
2017/02/17 16:25:46 INFO  - jmeter.JMeter: file.encoding=UTF-8 
2017/02/17 16:25:46 INFO  - jmeter.JMeter: Max memory     =1908932608 
2017/02/17 16:25:46 INFO  - jmeter.JMeter: Available Processors =4 
2017/02/17 16:25:46 INFO  - jmeter.JMeter: Default Locale=English (United States) 
2017/02/17 16:25:46 INFO  - jmeter.JMeter: JMeterHome=/Users/wtnull/git/jmeter-maven 
2017/02/17 16:25:46 INFO  - jmeter.JMeter: user.dir  =/Users/wtnull/git/jmeter-maven 
2017/02/17 16:25:46 INFO  - jmeter.JMeter: PWD       =/Users/wtnull/git/jmeter-maven 
2017/02/17 16:25:46 INFO  - jmeter.JMeter: IP: 172.19.100.97 Name: doc.local FullName: 172.19.100.97 
2017/02/17 16:25:46 INFO  - jmeter.services.FileServer: Default base='/Users/wtnull/git/jmeter-maven' 
2017/02/17 16:25:46 INFO  - jmeter.services.FileServer: Set new base='/Users/wtnull/Downloads' 
2017/02/17 16:25:47 INFO  - jmeter.save.SaveService: Testplan (JMX) version: 2.2. Testlog (JTL) version: 2.2 
2017/02/17 16:25:47 INFO  - jmeter.save.SaveService: Using SaveService properties file encoding UTF-8 
2017/02/17 16:25:47 INFO  - jmeter.save.SaveService: Using SaveService properties version 3.1 
2017/02/17 16:25:47 INFO  - jmeter.save.SaveService: All converter versions present and correct 
2017/02/17 16:25:47 INFO  - jmeter.save.SaveService: Loading file: /Users/wtnull/Downloads/Plan.jmx 
2017/02/17 16:25:47 INFO  - jmeter.protocol.http.sampler.HTTPSamplerBase: Parser for text/html is org.apache.jmeter.protocol.http.parser.LagartoBasedHtmlParser 
2017/02/17 16:25:47 INFO  - jmeter.protocol.http.sampler.HTTPSamplerBase: Parser for application/xhtml+xml is org.apache.jmeter.protocol.http.parser.LagartoBasedHtmlParser 
2017/02/17 16:25:47 INFO  - jmeter.protocol.http.sampler.HTTPSamplerBase: Parser for application/xml is org.apache.jmeter.protocol.http.parser.LagartoBasedHtmlParser 
2017/02/17 16:25:47 INFO  - jmeter.protocol.http.sampler.HTTPSamplerBase: Parser for text/xml is org.apache.jmeter.protocol.http.parser.LagartoBasedHtmlParser 
2017/02/17 16:25:47 INFO  - jmeter.protocol.http.sampler.HTTPSamplerBase: Parser for text/vnd.wap.wml is org.apache.jmeter.protocol.http.parser.RegexpHTMLParser 
2017/02/17 16:25:47 INFO  - jmeter.protocol.http.sampler.HTTPSamplerBase: Parser for text/css is org.apache.jmeter.protocol.http.parser.CssParser 
2017/02/17 16:25:47 INFO  - jmeter.JMeter: Creating summariser <summary> 
2017/02/17 16:25:47 INFO  - jmeter.samplers.SampleEvent: List of sample_variables: [] 
2017/02/17 16:25:47 INFO  - jmeter.samplers.SampleEvent: List of sample_variables: [] 
2017/02/17 16:25:47 ERROR - jmeter.engine.util.CompoundVariable:  java.lang.ClassNotFoundException: org.apache.jmeter.functions.BeanShell
	at java.net.URLClassLoader.findClass(URLClassLoader.java:381)
	at java.lang.ClassLoader.loadClass(ClassLoader.java:424)
	at sun.misc.Launcher$AppClassLoader.loadClass(Launcher.java:331)
	at java.lang.ClassLoader.loadClass(ClassLoader.java:357)
	at java.lang.Class.forName0(Native Method)
	at java.lang.Class.forName(Class.java:264)
	at org.apache.jmeter.engine.util.CompoundVariable.<clinit>(CompoundVariable.java:74)
	at org.apache.jmeter.engine.util.ValueReplacer.<init>(ValueReplacer.java:44)
	at org.apache.jmeter.engine.PreCompiler.<init>(PreCompiler.java:52)
	at org.apache.jmeter.engine.StandardJMeterEngine.run(StandardJMeterEngine.java:305)
	at java.lang.Thread.run(Thread.java:745)

2017/02/17 16:25:47 INFO  - jmeter.JMeter: null (1487319947417) 
2017/02/17 16:25:47 INFO  - jmeter.protocol.http.sampler.HTTPHCAbstractImpl: Local host = doc.local 
2017/02/17 16:25:47 INFO  - jmeter.protocol.http.sampler.HTTPHC4Impl: HTTP request retry count = 0 
2017/02/17 16:25:47 INFO  - jmeter.samplers.SampleResult: Note: Sample TimeStamps are START times 
2017/02/17 16:25:47 INFO  - jmeter.samplers.SampleResult: sampleresult.default.encoding is set to ISO-8859-1 
2017/02/17 16:25:47 INFO  - jmeter.samplers.SampleResult: sampleresult.useNanoTime=true 
2017/02/17 16:25:47 INFO  - jmeter.samplers.SampleResult: sampleresult.nanoThreadSleep=5000 
2017/02/17 16:26:18 INFO  - jmeter.reporters.ResultCollector: Shutdown hook started 
2017/02/17 16:26:18 INFO  - jmeter.reporters.ResultCollector: Shutdown hook ended 
